Determining if the pthread_create exist failed with the following output:
Change Dir: /home/pi/mpu6050/build/CMakeFiles/CMakeTmp

Run Build Command:"/usr/bin/make" "cmTC_285a5/fast"
/usr/bin/make -f CMakeFiles/cmTC_285a5.dir/build.make CMakeFiles/cmTC_285a5.dir/build
make[1]: Entering directory '/home/pi/mpu6050/build/CMakeFiles/CMakeTmp'
Building C object CMakeFiles/cmTC_285a5.dir/CheckSymbolExists.c.o
/usr/bin/cc    -o CMakeFiles/cmTC_285a5.dir/CheckSymbolExists.c.o   -c /home/pi/mpu6050/build/CMakeFiles/CMakeTmp/CheckSymbolExists.c
Linking C executable cmTC_285a5
/usr/bin/cmake -E cmake_link_script CMakeFiles/cmTC_285a5.dir/link.txt --verbose=1
/usr/bin/cc      -rdynamic CMakeFiles/cmTC_285a5.dir/CheckSymbolExists.c.o  -o cmTC_285a5 
/usr/bin/ld: CMakeFiles/cmTC_285a5.dir/CheckSymbolExists.c.o: in function `main':
CheckSymbolExists.c:(.text+0x38): undefined reference to `pthread_create'
collect2: error: ld returned 1 exit status
make[1]: *** [CMakeFiles/cmTC_285a5.dir/build.make:87: cmTC_285a5] Error 1
make[1]: Leaving directory '/home/pi/mpu6050/build/CMakeFiles/CMakeTmp'
make: *** [Makefile:121: cmTC_285a5/fast] Error 2

File /home/pi/mpu6050/build/CMakeFiles/CMakeTmp/CheckSymbolExists.c:
/* */
#include <pthread.h>

int main(int argc, char** argv)
{
  (void)argv;
#ifndef pthread_create
  return ((int*)(&pthread_create))[argc];
#else
  (void)argc;
  return 0;
#endif
}

Determining if the function pthread_create exists in the pthreads failed with the following output:
Change Dir: /home/pi/mpu6050/build/CMakeFiles/CMakeTmp

Run Build Command:"/usr/bin/make" "cmTC_935d8/fast"
/usr/bin/make -f CMakeFiles/cmTC_935d8.dir/build.make CMakeFiles/cmTC_935d8.dir/build
make[1]: Entering directory '/home/pi/mpu6050/build/CMakeFiles/CMakeTmp'
Building C object CMakeFiles/cmTC_935d8.dir/CheckFunctionExists.c.o
/usr/bin/cc   -DCHECK_FUNCTION_EXISTS=pthread_create   -o CMakeFiles/cmTC_935d8.dir/CheckFunctionExists.c.o   -c /usr/share/cmake-3.13/Modules/CheckFunctionExists.c
Linking C executable cmTC_935d8
/usr/bin/cmake -E cmake_link_script CMakeFiles/cmTC_935d8.dir/link.txt --verbose=1
/usr/bin/cc  -DCHECK_FUNCTION_EXISTS=pthread_create    -rdynamic CMakeFiles/cmTC_935d8.dir/CheckFunctionExists.c.o  -o cmTC_935d8 -lpthreads 
/usr/bin/ld: cannot find -lpthreads
collect2: error: ld returned 1 exit status
make[1]: *** [CMakeFiles/cmTC_935d8.dir/build.make:87: cmTC_935d8] Error 1
make[1]: Leaving directory '/home/pi/mpu6050/build/CMakeFiles/CMakeTmp'
make: *** [Makefile:121: cmTC_935d8/fast] Error 2


